
*** Running vivado
    with args -log project1_demo.vds -m64 -product Vivado -mode batch -messageDb vivado.pb -notrace -source project1_demo.tcl


****** Vivado v2021.2 (64-bit)
  **** SW Build 3367213 on Tue Oct 19 02:47:39 MDT 2021
  **** IP Build 3369179 on Thu Oct 21 08:25:16 MDT 2021
    ** Copyright 1986-2021 Xilinx, Inc. All Rights Reserved.

source project1_demo.tcl -notrace
Command: read_checkpoint -auto_incremental -incremental /home/hd19094/project_1_Boolean_Board/project_1_Boolean_Board.srcs/utils_1/imports/synth_1/project1_demo.dcp
INFO: [Vivado 12-5825] Read reference checkpoint from /home/hd19094/project_1_Boolean_Board/project_1_Boolean_Board.srcs/utils_1/imports/synth_1/project1_demo.dcp for incremental synthesis
INFO: [Vivado 12-7989] Please ensure there are no constraint changes
Command: synth_design -top project1_demo -part xc7s50csga324-1
Starting synth_design
Attempting to get a license for feature 'Synthesis' and/or device 'xc7s50'
INFO: [Common 17-349] Got license for feature 'Synthesis' and/or device 'xc7s50'
INFO: [Device 21-403] Loading part xc7s50csga324-1
WARNING: [Designutils 20-4072] Reference run did not run incremental synthesis because the design is too small; reverting to default synthesis
INFO: [Designutils 20-4379] Flow is switching to default flow due to incremental criteria not met. If you would like to alter this behaviour and have the flow terminate instead, please set the following parameter config_implementation {autoIncr.Synth.RejectBehavior Terminate}
INFO: [Synth 8-7079] Multithreading enabled for synth_design using a maximum of 4 processes.
INFO: [Synth 8-7078] Launching helper process for spawning children vivado processes
INFO: [Synth 8-7075] Helper process launched with PID 30475
---------------------------------------------------------------------------------
Starting RTL Elaboration : Time (s): cpu = 00:00:02 ; elapsed = 00:00:03 . Memory (MB): peak = 2807.180 ; gain = 0.000 ; free physical = 5285 ; free virtual = 10597
---------------------------------------------------------------------------------
INFO: [Synth 8-6157] synthesizing module 'project1_demo' [/home/hd19094/project_1_Boolean_Board/project_1_Boolean_Board.srcs/sources_1/new/project1_demo.v:23]
INFO: [Synth 8-6155] done synthesizing module 'project1_demo' (1#1) [/home/hd19094/project_1_Boolean_Board/project_1_Boolean_Board.srcs/sources_1/new/project1_demo.v:23]
WARNING: [Synth 8-3917] design project1_demo has port D0_a[3] driven by constant 0
WARNING: [Synth 8-3917] design project1_demo has port D0_a[2] driven by constant 0
WARNING: [Synth 8-3917] design project1_demo has port D0_a[1] driven by constant 0
WARNING: [Synth 8-3917] design project1_demo has port D0_a[0] driven by constant 0
WARNING: [Synth 8-3917] design project1_demo has port D1_a[3] driven by constant 0
WARNING: [Synth 8-3917] design project1_demo has port D1_a[2] driven by constant 0
WARNING: [Synth 8-3917] design project1_demo has port D1_a[1] driven by constant 0
WARNING: [Synth 8-3917] design project1_demo has port D1_a[0] driven by constant 0
---------------------------------------------------------------------------------
Finished RTL Elaboration : Time (s): cpu = 00:00:03 ; elapsed = 00:00:04 . Memory (MB): peak = 2807.180 ; gain = 0.000 ; free physical = 5985 ; free virtual = 11305
---------------------------------------------------------------------------------
---------------------------------------------------------------------------------
Start Handling Custom Attributes
---------------------------------------------------------------------------------
---------------------------------------------------------------------------------
Finished Handling Custom Attributes : Time (s): cpu = 00:00:03 ; elapsed = 00:00:04 . Memory (MB): peak = 2807.180 ; gain = 0.000 ; free physical = 6251 ; free virtual = 11573
---------------------------------------------------------------------------------
---------------------------------------------------------------------------------
Finished RTL Optimization Phase 1 : Time (s): cpu = 00:00:03 ; elapsed = 00:00:04 . Memory (MB): peak = 2807.180 ; gain = 0.000 ; free physical = 6251 ; free virtual = 11573
---------------------------------------------------------------------------------
Netlist sorting complete. Time (s): cpu = 00:00:00 ; elapsed = 00:00:00 . Memory (MB): peak = 2807.180 ; gain = 0.000 ; free physical = 6242 ; free virtual = 11564
INFO: [Project 1-570] Preparing netlist for logic optimization

Processing XDC Constraints
Initializing timing engine
Parsing XDC File [/home/hd19094/project_1_Boolean_Board/project_1_Boolean_Board.srcs/constrs_1/new/project1.xdc]
WARNING: [Vivado 12-584] No ports matched 'btn[0]'. [/home/hd19094/project_1_Boolean_Board/project_1_Boolean_Board.srcs/constrs_1/new/project1.xdc:41]
CRITICAL WARNING: [Common 17-55] 'set_property' expects at least one object. [/home/hd19094/project_1_Boolean_Board/project_1_Boolean_Board.srcs/constrs_1/new/project1.xdc:41]
Resolution: If [get_<value>] was used to populate the object, check to make sure this command returns at least one valid object.
WARNING: [Vivado 12-584] No ports matched 'btn[1]'. [/home/hd19094/project_1_Boolean_Board/project_1_Boolean_Board.srcs/constrs_1/new/project1.xdc:42]
CRITICAL WARNING: [Common 17-55] 'set_property' expects at least one object. [/home/hd19094/project_1_Boolean_Board/project_1_Boolean_Board.srcs/constrs_1/new/project1.xdc:42]
Resolution: If [get_<value>] was used to populate the object, check to make sure this command returns at least one valid object.
WARNING: [Vivado 12-584] No ports matched 'btn[2]'. [/home/hd19094/project_1_Boolean_Board/project_1_Boolean_Board.srcs/constrs_1/new/project1.xdc:43]
CRITICAL WARNING: [Common 17-55] 'set_property' expects at least one object. [/home/hd19094/project_1_Boolean_Board/project_1_Boolean_Board.srcs/constrs_1/new/project1.xdc:43]
Resolution: If [get_<value>] was used to populate the object, check to make sure this command returns at least one valid object.
WARNING: [Vivado 12-584] No ports matched 'btn[3]'. [/home/hd19094/project_1_Boolean_Board/project_1_Boolean_Board.srcs/constrs_1/new/project1.xdc:44]
CRITICAL WARNING: [Common 17-55] 'set_property' expects at least one object. [/home/hd19094/project_1_Boolean_Board/project_1_Boolean_Board.srcs/constrs_1/new/project1.xdc:44]
Resolution: If [get_<value>] was used to populate the object, check to make sure this command returns at least one valid object.
WARNING: [Vivado 12-584] No ports matched 'RGB0[0]'. [/home/hd19094/project_1_Boolean_Board/project_1_Boolean_Board.srcs/constrs_1/new/project1.xdc:47]
CRITICAL WARNING: [Common 17-55] 'set_property' expects at least one object. [/home/hd19094/project_1_Boolean_Board/project_1_Boolean_Board.srcs/constrs_1/new/project1.xdc:47]
Resolution: If [get_<value>] was used to populate the object, check to make sure this command returns at least one valid object.
WARNING: [Vivado 12-584] No ports matched 'RGB0[1]'. [/home/hd19094/project_1_Boolean_Board/project_1_Boolean_Board.srcs/constrs_1/new/project1.xdc:48]
CRITICAL WARNING: [Common 17-55] 'set_property' expects at least one object. [/home/hd19094/project_1_Boolean_Board/project_1_Boolean_Board.srcs/constrs_1/new/project1.xdc:48]
Resolution: If [get_<value>] was used to populate the object, check to make sure this command returns at least one valid object.
WARNING: [Vivado 12-584] No ports matched 'RGB0[2]'. [/home/hd19094/project_1_Boolean_Board/project_1_Boolean_Board.srcs/constrs_1/new/project1.xdc:49]
CRITICAL WARNING: [Common 17-55] 'set_property' expects at least one object. [/home/hd19094/project_1_Boolean_Board/project_1_Boolean_Board.srcs/constrs_1/new/project1.xdc:49]
Resolution: If [get_<value>] was used to populate the object, check to make sure this command returns at least one valid object.
WARNING: [Vivado 12-584] No ports matched 'RGB1[0]'. [/home/hd19094/project_1_Boolean_Board/project_1_Boolean_Board.srcs/constrs_1/new/project1.xdc:50]
CRITICAL WARNING: [Common 17-55] 'set_property' expects at least one object. [/home/hd19094/project_1_Boolean_Board/project_1_Boolean_Board.srcs/constrs_1/new/project1.xdc:50]
Resolution: If [get_<value>] was used to populate the object, check to make sure this command returns at least one valid object.
WARNING: [Vivado 12-584] No ports matched 'RGB1[1]'. [/home/hd19094/project_1_Boolean_Board/project_1_Boolean_Board.srcs/constrs_1/new/project1.xdc:51]
CRITICAL WARNING: [Common 17-55] 'set_property' expects at least one object. [/home/hd19094/project_1_Boolean_Board/project_1_Boolean_Board.srcs/constrs_1/new/project1.xdc:51]
Resolution: If [get_<value>] was used to populate the object, check to make sure this command returns at least one valid object.
WARNING: [Vivado 12-584] No ports matched 'RGB1[2]'. [/home/hd19094/project_1_Boolean_Board/project_1_Boolean_Board.srcs/constrs_1/new/project1.xdc:52]
CRITICAL WARNING: [Common 17-55] 'set_property' expects at least one object. [/home/hd19094/project_1_Boolean_Board/project_1_Boolean_Board.srcs/constrs_1/new/project1.xdc:52]
Resolution: If [get_<value>] was used to populate the object, check to make sure this command returns at least one valid object.
Finished Parsing XDC File [/home/hd19094/project_1_Boolean_Board/project_1_Boolean_Board.srcs/constrs_1/new/project1.xdc]
INFO: [Project 1-236] Implementation specific constraints were found while reading constraint file [/home/hd19094/project_1_Boolean_Board/project_1_Boolean_Board.srcs/constrs_1/new/project1.xdc]. These constraints will be ignored for synthesis but will be used in implementation. Impacted constraints are listed in the file [.Xil/project1_demo_propImpl.xdc].
Resolution: To avoid this warning, move constraints listed in [.Xil/project1_demo_propImpl.xdc] to another XDC file and exclude this new file from synthesis with the used_in_synthesis property (File Properties dialog in GUI) and re-run elaboration/synthesis.
Completed Processing XDC Constraints

Netlist sorting complete. Time (s): cpu = 00:00:00 ; elapsed = 00:00:00 . Memory (MB): peak = 2871.062 ; gain = 0.000 ; free physical = 6155 ; free virtual = 11491
INFO: [Project 1-111] Unisim Transformation Summary:
No Unisim elements were transformed.

Constraint Validation Runtime : Time (s): cpu = 00:00:00 ; elapsed = 00:00:00 . Memory (MB): peak = 2871.062 ; gain = 0.000 ; free physical = 6155 ; free virtual = 11491
WARNING: [Designutils 20-4072] Reference run did not run incremental synthesis because the design is too small; reverting to default synthesis
INFO: [Designutils 20-4379] Flow is switching to default flow due to incremental criteria not met. If you would like to alter this behaviour and have the flow terminate instead, please set the following parameter config_implementation {autoIncr.Synth.RejectBehavior Terminate}
---------------------------------------------------------------------------------
Finished Constraint Validation : Time (s): cpu = 00:00:07 ; elapsed = 00:00:08 . Memory (MB): peak = 2871.062 ; gain = 63.883 ; free physical = 6231 ; free virtual = 11568
---------------------------------------------------------------------------------
---------------------------------------------------------------------------------
Start Loading Part and Timing Information
---------------------------------------------------------------------------------
Loading part: xc7s50csga324-1
---------------------------------------------------------------------------------
Finished Loading Part and Timing Information : Time (s): cpu = 00:00:07 ; elapsed = 00:00:08 . Memory (MB): peak = 2871.062 ; gain = 63.883 ; free physical = 6231 ; free virtual = 11568
---------------------------------------------------------------------------------
---------------------------------------------------------------------------------
Start Applying 'set_property' XDC Constraints
---------------------------------------------------------------------------------
---------------------------------------------------------------------------------
Finished applying 'set_property' XDC Constraints : Time (s): cpu = 00:00:07 ; elapsed = 00:00:08 . Memory (MB): peak = 2871.062 ; gain = 63.883 ; free physical = 6231 ; free virtual = 11568
---------------------------------------------------------------------------------
---------------------------------------------------------------------------------
Finished RTL Optimization Phase 2 : Time (s): cpu = 00:00:07 ; elapsed = 00:00:09 . Memory (MB): peak = 2871.062 ; gain = 63.883 ; free physical = 6226 ; free virtual = 11559
---------------------------------------------------------------------------------
---------------------------------------------------------------------------------
Start RTL Component Statistics 
---------------------------------------------------------------------------------
Detailed RTL Component Info : 
+---Registers : 
	               16 Bit    Registers := 1     
	                8 Bit    Registers := 1     
---------------------------------------------------------------------------------
Finished RTL Component Statistics 
---------------------------------------------------------------------------------
---------------------------------------------------------------------------------
Start Part Resource Summary
---------------------------------------------------------------------------------
Part Resources:
DSPs: 120 (col length:60)
BRAMs: 150 (col length: RAMB18 60 RAMB36 30)
---------------------------------------------------------------------------------
Finished Part Resource Summary
---------------------------------------------------------------------------------
---------------------------------------------------------------------------------
Start Cross Boundary and Area Optimization
---------------------------------------------------------------------------------
WARNING: [Synth 8-7080] Parallel synthesis criteria is not met
WARNING: [Synth 8-3917] design project1_demo has port D0_a[3] driven by constant 0
WARNING: [Synth 8-3917] design project1_demo has port D0_a[2] driven by constant 0
WARNING: [Synth 8-3917] design project1_demo has port D0_a[1] driven by constant 0
WARNING: [Synth 8-3917] design project1_demo has port D0_a[0] driven by constant 0
WARNING: [Synth 8-3917] design project1_demo has port D1_a[3] driven by constant 0
WARNING: [Synth 8-3917] design project1_demo has port D1_a[2] driven by constant 0
WARNING: [Synth 8-3917] design project1_demo has port D1_a[1] driven by constant 0
WARNING: [Synth 8-3917] design project1_demo has port D1_a[0] driven by constant 0
---------------------------------------------------------------------------------
Finished Cross Boundary and Area Optimization : Time (s): cpu = 00:00:08 ; elapsed = 00:00:09 . Memory (MB): peak = 2871.062 ; gain = 63.883 ; free physical = 6208 ; free virtual = 11548
---------------------------------------------------------------------------------
---------------------------------------------------------------------------------
Start Applying XDC Timing Constraints
---------------------------------------------------------------------------------
---------------------------------------------------------------------------------
Finished Applying XDC Timing Constraints : Time (s): cpu = 00:00:11 ; elapsed = 00:00:13 . Memory (MB): peak = 2871.062 ; gain = 63.883 ; free physical = 6080 ; free virtual = 11429
---------------------------------------------------------------------------------
---------------------------------------------------------------------------------
Start Timing Optimization
---------------------------------------------------------------------------------
---------------------------------------------------------------------------------
Finished Timing Optimization : Time (s): cpu = 00:00:11 ; elapsed = 00:00:13 . Memory (MB): peak = 2871.062 ; gain = 63.883 ; free physical = 6080 ; free virtual = 11429
---------------------------------------------------------------------------------
---------------------------------------------------------------------------------
Start Technology Mapping
---------------------------------------------------------------------------------
---------------------------------------------------------------------------------
Finished Technology Mapping : Time (s): cpu = 00:00:11 ; elapsed = 00:00:13 . Memory (MB): peak = 2871.062 ; gain = 63.883 ; free physical = 6078 ; free virtual = 11427
---------------------------------------------------------------------------------
---------------------------------------------------------------------------------
Start IO Insertion
---------------------------------------------------------------------------------
---------------------------------------------------------------------------------
Start Flattening Before IO Insertion
---------------------------------------------------------------------------------
---------------------------------------------------------------------------------
Finished Flattening Before IO Insertion
---------------------------------------------------------------------------------
---------------------------------------------------------------------------------
Start Final Netlist Cleanup
---------------------------------------------------------------------------------
---------------------------------------------------------------------------------
Finished Final Netlist Cleanup
---------------------------------------------------------------------------------
---------------------------------------------------------------------------------
Finished IO Insertion : Time (s): cpu = 00:00:13 ; elapsed = 00:00:15 . Memory (MB): peak = 2871.062 ; gain = 63.883 ; free physical = 6043 ; free virtual = 11426
---------------------------------------------------------------------------------
---------------------------------------------------------------------------------
Start Renaming Generated Instances
---------------------------------------------------------------------------------
---------------------------------------------------------------------------------
Finished Renaming Generated Instances : Time (s): cpu = 00:00:13 ; elapsed = 00:00:15 . Memory (MB): peak = 2871.062 ; gain = 63.883 ; free physical = 6043 ; free virtual = 11426
---------------------------------------------------------------------------------
---------------------------------------------------------------------------------
Start Rebuilding User Hierarchy
---------------------------------------------------------------------------------
---------------------------------------------------------------------------------
Finished Rebuilding User Hierarchy : Time (s): cpu = 00:00:13 ; elapsed = 00:00:15 . Memory (MB): peak = 2871.062 ; gain = 63.883 ; free physical = 6043 ; free virtual = 11426
---------------------------------------------------------------------------------
---------------------------------------------------------------------------------
Start Renaming Generated Ports
---------------------------------------------------------------------------------
---------------------------------------------------------------------------------
Finished Renaming Generated Ports : Time (s): cpu = 00:00:13 ; elapsed = 00:00:15 . Memory (MB): peak = 2871.062 ; gain = 63.883 ; free physical = 6043 ; free virtual = 11426
---------------------------------------------------------------------------------
---------------------------------------------------------------------------------
Start Handling Custom Attributes
---------------------------------------------------------------------------------
---------------------------------------------------------------------------------
Finished Handling Custom Attributes : Time (s): cpu = 00:00:13 ; elapsed = 00:00:15 . Memory (MB): peak = 2871.062 ; gain = 63.883 ; free physical = 6043 ; free virtual = 11426
---------------------------------------------------------------------------------
---------------------------------------------------------------------------------
Start Renaming Generated Nets
---------------------------------------------------------------------------------
---------------------------------------------------------------------------------
Finished Renaming Generated Nets : Time (s): cpu = 00:00:13 ; elapsed = 00:00:15 . Memory (MB): peak = 2871.062 ; gain = 63.883 ; free physical = 6043 ; free virtual = 11426
---------------------------------------------------------------------------------
---------------------------------------------------------------------------------
Start Writing Synthesis Report
---------------------------------------------------------------------------------

Report BlackBoxes: 
+-+--------------+----------+
| |BlackBox name |Instances |
+-+--------------+----------+
+-+--------------+----------+

Report Cell Usage: 
+------+-------+------+
|      |Cell   |Count |
+------+-------+------+
|1     |BUFG   |     1|
|2     |CARRY4 |     8|
|3     |LUT1   |     1|
|4     |LUT2   |    16|
|5     |LUT4   |     1|
|6     |FDRE   |    31|
|7     |FDSE   |    22|
|8     |IBUF   |    17|
|9     |OBUF   |    40|
+------+-------+------+
---------------------------------------------------------------------------------
Finished Writing Synthesis Report : Time (s): cpu = 00:00:13 ; elapsed = 00:00:15 . Memory (MB): peak = 2871.062 ; gain = 63.883 ; free physical = 6043 ; free virtual = 11426
---------------------------------------------------------------------------------
Synthesis finished with 0 errors, 0 critical warnings and 9 warnings.
Synthesis Optimization Runtime : Time (s): cpu = 00:00:12 ; elapsed = 00:00:14 . Memory (MB): peak = 2871.062 ; gain = 0.000 ; free physical = 6098 ; free virtual = 11481
Synthesis Optimization Complete : Time (s): cpu = 00:00:13 ; elapsed = 00:00:15 . Memory (MB): peak = 2871.062 ; gain = 63.883 ; free physical = 6098 ; free virtual = 11481
INFO: [Project 1-571] Translating synthesized netlist
Netlist sorting complete. Time (s): cpu = 00:00:00 ; elapsed = 00:00:00 . Memory (MB): peak = 2871.062 ; gain = 0.000 ; free physical = 6091 ; free virtual = 11474
INFO: [Netlist 29-17] Analyzing 8 Unisim elements for replacement
INFO: [Netlist 29-28] Unisim Transformation completed in 0 CPU seconds
INFO: [Project 1-570] Preparing netlist for logic optimization
INFO: [Opt 31-138] Pushed 0 inverter(s) to 0 load pin(s).
Netlist sorting complete. Time (s): cpu = 00:00:00 ; elapsed = 00:00:00 . Memory (MB): peak = 2871.062 ; gain = 0.000 ; free physical = 6122 ; free virtual = 11509
INFO: [Project 1-111] Unisim Transformation Summary:
No Unisim elements were transformed.

Synth Design complete, checksum: 99374d46
INFO: [Common 17-83] Releasing license: Synthesis
21 Infos, 29 Warnings, 10 Critical Warnings and 0 Errors encountered.
synth_design completed successfully
synth_design: Time (s): cpu = 00:00:20 ; elapsed = 00:00:19 . Memory (MB): peak = 2871.062 ; gain = 64.031 ; free physical = 6326 ; free virtual = 11712
INFO: [runtcl-6] Synthesis results are not added to the cache due to CRITICAL_WARNING
INFO: [Common 17-1381] The checkpoint '/home/hd19094/project_1_Boolean_Board/project_1_Boolean_Board.runs/synth_1/project1_demo.dcp' has been generated.
INFO: [runtcl-4] Executing : report_utilization -file project1_demo_utilization_synth.rpt -pb project1_demo_utilization_synth.pb
INFO: [Common 17-206] Exiting Vivado at Thu Mar 31 15:41:47 2022...
